<?xml version="1.0" encoding="UTF-8"?>
<testng-results ignored="0" total="2" passed="2" failed="0" skipped="0">
  <reporter-output>
  </reporter-output>
  <suite started-at="2024-01-29T16:46:21 IST" name="Suite" finished-at="2024-01-29T16:46:21 IST" duration-ms="170">
    <groups>
      <group name="Regression">
        <method signature="JenkinsDemo3Test.jenkinsDemo3Test()[pri:0, instance:jenkins.JenkinsDemo3Test@4c371370]" name="jenkinsDemo3Test" class="jenkins.JenkinsDemo3Test"/>
        <method signature="JenkinsDemo3Test.jenkinsDemo4Test()[pri:0, instance:jenkins.JenkinsDemo3Test@4c371370]" name="jenkinsDemo4Test" class="jenkins.JenkinsDemo3Test"/>
      </group> <!-- Regression -->
    </groups>
    <test started-at="2024-01-29T16:46:21 IST" name="Test" finished-at="2024-01-29T16:46:21 IST" duration-ms="170">
      <class name="jenkins.JenkinsDemo3Test">
        <test-method signature="jenkinsDemo3Test()[pri:0, instance:jenkins.JenkinsDemo3Test@4c371370]" started-at="2024-01-29T16:46:21 IST" name="jenkinsDemo3Test" finished-at="2024-01-29T16:46:21 IST" duration-ms="25" status="PASS">
          <reporter-output>
          </reporter-output>
        </test-method> <!-- jenkinsDemo3Test -->
        <test-method signature="jenkinsDemo4Test()[pri:0, instance:jenkins.JenkinsDemo3Test@4c371370]" started-at="2024-01-29T16:46:21 IST" name="jenkinsDemo4Test" finished-at="2024-01-29T16:46:21 IST" duration-ms="6" status="PASS">
          <reporter-output>
          </reporter-output>
        </test-method> <!-- jenkinsDemo4Test -->
      </class> <!-- jenkins.JenkinsDemo3Test -->
    </test> <!-- Test -->
  </suite> <!-- Suite -->
</testng-results>
